[INFO] +- org.springframework.cloud:spring-cloud-config-client:jar:1.2.0.RELEASE:compile
[INFO] |  +- org.springframework.boot:spring-boot-autoconfigure:jar:1.4.3.RELEASE:compile
[INFO] |  |  \- org.springframework.boot:spring-boot:jar:1.4.3.RELEASE:compile
[INFO] |  +- org.springframework.cloud:spring-cloud-commons:jar:1.1.3.RELEASE:compile
[INFO] |  |  \- org.springframework.security:spring-security-crypto:jar:4.1.4.RELEASE:compile
[INFO] |  +- org.springframework.cloud:spring-cloud-context:jar:1.1.3.RELEASE:compile
[INFO] |  \- org.springframework:spring-web:jar:4.3.5.RELEASE:compile

[INFO] +- org.springframework.cloud:spring-cloud-starter-eureka:jar:1.2.0.RELEASE:compile
[INFO] |  +- org.springframework.cloud:spring-cloud-starter:jar:1.1.3.RELEASE:compile
[INFO] |  |  \- org.springframework.security:spring-security-rsa:jar:1.0.3.RELEASE:compile
[INFO] |  +- org.springframework.cloud:spring-cloud-netflix-core:jar:1.2.0.RELEASE:compile
[INFO] |  +- org.springframework.cloud:spring-cloud-netflix-eureka-client:jar:1.2.0.RELEASE:compile
[INFO] |  +- com.netflix.eureka:eureka-client:jar:1.4.11:compile
[INFO] |  |  +- org.codehaus.jettison:jettison:jar:1.3.7:runtime
[INFO] |  |  |  \- stax:stax-api:jar:1.0.1:runtime
[INFO] |  |  +- com.netflix.netflix-commons:netflix-eventbus:jar:0.3.0:runtime
[INFO] |  |  |  +- com.netflix.netflix-commons:netflix-infix:jar:0.3.0:runtime
[INFO] |  |  |  |  +- commons-jxpath:commons-jxpath:jar:1.3:runtime
[INFO] |  |  |  |  +- org.antlr:antlr-runtime:jar:3.4:runtime
[INFO] |  |  |  |  |  \- org.antlr:stringtemplate:jar:3.2.1:runtime
[INFO] |  |  |  |  \- com.google.code.gson:gson:jar:2.7:runtime
[INFO] |  |  |  \- org.apache.commons:commons-math:jar:2.2:runtime
[INFO] |  |  +- com.netflix.archaius:archaius-core:jar:0.7.4:compile
[INFO] |  |  +- javax.ws.rs:jsr311-api:jar:1.1.1:runtime
[INFO] |  |  +- com.netflix.servo:servo-core:jar:0.10.1:runtime
[INFO] |  |  |  \- com.netflix.servo:servo-internal:jar:0.10.1:runtime
[INFO] |  |  +- com.sun.jersey:jersey-core:jar:1.19.1:runtime
[INFO] |  |  +- com.sun.jersey:jersey-client:jar:1.19.1:runtime
[INFO] |  |  +- com.sun.jersey.contribs:jersey-apache-client4:jar:1.19.1:runtime
[INFO] |  |  +- com.google.inject:guice:jar:4.0:runtime
[INFO] |  |  |  +- javax.inject:javax.inject:jar:1:runtime
[INFO] |  |  |  \- aopalliance:aopalliance:jar:1.0:runtime
[INFO] |  |  \- com.netflix.governator:governator-api:jar:1.12.10:runtime
[INFO] |  +- com.netflix.eureka:eureka-core:jar:1.4.11:compile
[INFO] |  |  +- com.amazonaws:aws-java-sdk-core:jar:1.11.18:runtime
[INFO] |  |  |  +- com.fasterxml.jackson.dataformat:jackson-dataformat-cbor:jar:2.8.5:compile
[INFO] |  |  |  \- joda-time:joda-time:jar:2.9.6:runtime
[INFO] |  |  +- com.amazonaws:aws-java-sdk-ec2:jar:1.11.18:runtime
[INFO] |  |  +- com.amazonaws:aws-java-sdk-autoscaling:jar:1.11.18:runtime
[INFO] |  |  +- com.amazonaws:aws-java-sdk-sts:jar:1.11.18:runtime
[INFO] |  |  +- com.amazonaws:aws-java-sdk-route53:jar:1.11.18:runtime
[INFO] |  |  +- com.netflix.governator:governator:jar:1.12.10:runtime
[INFO] |  |  |  \- com.netflix.governator:governator-core:jar:1.12.10:runtime
[INFO] |  |  |     +- com.google.inject.extensions:guice-multibindings:jar:4.0:runtime
[INFO] |  |  |     \- com.google.inject.extensions:guice-grapher:jar:4.0:runtime
[INFO] |  |  |        \- com.google.inject.extensions:guice-assistedinject:jar:4.0:runtime
[INFO] |  |  \- org.codehaus.woodstox:woodstox-core-asl:jar:4.4.1:runtime
[INFO] |  |     +- javax.xml.stream:stax-api:jar:1.0-2:runtime
[INFO] |  |     \- org.codehaus.woodstox:stax2-api:jar:3.1.4:runtime
[INFO] |  +- org.springframework.cloud:spring-cloud-starter-archaius:jar:1.2.0.RELEASE:compile
[INFO] |  |  +- commons-configuration:commons-configuration:jar:1.8:compile
[INFO] |  |  \- com.google.guava:guava:jar:18.0:compile
[INFO] |  +- org.springframework.cloud:spring-cloud-starter-ribbon:jar:1.2.0.RELEASE:compile
[INFO] |  |  +- com.netflix.ribbon:ribbon:jar:2.2.0:compile
[INFO] |  |  |  +- com.netflix.ribbon:ribbon-transport:jar:2.2.0:runtime
[INFO] |  |  |  |  +- io.reactivex:rxnetty-contexts:jar:0.4.9:runtime
[INFO] |  |  |  |  \- io.reactivex:rxnetty-servo:jar:0.4.9:runtime
[INFO] |  |  |  \- io.reactivex:rxnetty:jar:0.4.9:runtime
[INFO] |  |  |     +- io.netty:netty-codec-http:jar:4.0.27.Final:runtime
[INFO] |  |  |     |  +- io.netty:netty-codec:jar:4.0.27.Final:runtime
[INFO] |  |  |     |  \- io.netty:netty-handler:jar:4.0.27.Final:runtime
[INFO] |  |  |     \- io.netty:netty-transport-native-epoll:jar:4.0.27.Final:runtime
[INFO] |  |  |        +- io.netty:netty-common:jar:4.0.27.Final:runtime
[INFO] |  |  |        +- io.netty:netty-buffer:jar:4.0.27.Final:runtime
[INFO] |  |  |        \- io.netty:netty-transport:jar:4.0.27.Final:runtime
[INFO] |  |  +- com.netflix.ribbon:ribbon-core:jar:2.2.0:compile
[INFO] |  |  +- com.netflix.ribbon:ribbon-httpclient:jar:2.2.0:compile
[INFO] |  |  |  \- com.netflix.netflix-commons:netflix-commons-util:jar:0.1.1:runtime
[INFO] |  |  +- com.netflix.ribbon:ribbon-loadbalancer:jar:2.2.0:compile
[INFO] |  |  |  \- com.netflix.netflix-commons:netflix-statistics:jar:0.1.1:runtime
[INFO] |  |  \- io.reactivex:rxjava:jar:1.1.10:compile
[INFO] |  +- com.netflix.ribbon:ribbon-eureka:jar:2.2.0:compile
[INFO] |  \- com.thoughtworks.xstream:xstream:jar:1.4.9:compile
[INFO] |     +- xmlpull:xmlpull:jar:1.1.3.1:compile
[INFO] |     \- xpp3:xpp3_min:jar:1.1.4c:compile

[INFO] +- org.springframework.cloud:spring-cloud-starter-hystrix:jar:1.2.0.RELEASE:compile
[INFO] |  +- com.netflix.hystrix:hystrix-core:jar:1.5.5:compile
[INFO] |  |  \- org.hdrhistogram:HdrHistogram:jar:2.1.9:compile
[INFO] |  +- com.netflix.hystrix:hystrix-metrics-event-stream:jar:1.5.5:compile
[INFO] |  |  \- com.netflix.hystrix:hystrix-serialization:jar:1.5.5:compile
[INFO] |  |     \- com.fasterxml.jackson.module:jackson-module-afterburner:jar:2.7.5:compile
[INFO] |  \- com.netflix.hystrix:hystrix-javanica:jar:1.5.5:compile
[INFO] |     +- commons-collections:commons-collections:jar:3.2.2:compile
[INFO] |     +- org.apache.commons:commons-lang3:jar:3.1:compile
[INFO] |     \- org.ow2.asm:asm:jar:5.0.4:compile

[INFO] +- org.springframework.cloud:spring-cloud-starter-feign:jar:1.2.0.RELEASE:compile
[INFO] |  +- io.github.openfeign:feign-core:jar:9.3.1:compile
[INFO] |  |  \- org.jvnet:animal-sniffer-annotation:jar:1.0:compile
[INFO] |  +- io.github.openfeign:feign-slf4j:jar:9.3.1:compile
[INFO] |  \- io.github.openfeign:feign-hystrix:jar:9.3.1:compile

[INFO] +- org.springframework.boot:spring-boot-starter-aop:jar:1.4.3.RELEASE:compile
[INFO] |  +- org.springframework.boot:spring-boot-starter:jar:1.4.3.RELEASE:compile
[INFO] |  |  +- org.springframework.boot:spring-boot-starter-logging:jar:1.4.3.RELEASE:compile
[INFO] |  |  |  +- ch.qos.logback:logback-classic:jar:1.1.8:compile
[INFO] |  |  |  |  \- ch.qos.logback:logback-core:jar:1.1.8:compile
[INFO] |  |  |  +- org.slf4j:jul-to-slf4j:jar:1.7.22:compile
[INFO] |  |  |  \- org.slf4j:log4j-over-slf4j:jar:1.7.22:compile
[INFO] |  |  \- org.yaml:snakeyaml:jar:1.17:runtime
[INFO] |  +- org.springframework:spring-aop:jar:4.3.5.RELEASE:compile
[INFO] |  \- org.aspectj:aspectjweaver:jar:1.8.9:compile

[INFO] +- org.springframework.boot:spring-boot-starter-data-jpa:jar:1.4.3.RELEASE:compile
[INFO] |  +- javax.transaction:javax.transaction-api:jar:1.2:compile
[INFO] |  \- org.springframework:spring-aspects:jar:4.3.5.RELEASE:compile

[INFO] +- org.springframework.boot:spring-boot-starter-data-rest:jar:1.4.3.RELEASE:compile
[INFO] |  \- org.springframework.data:spring-data-rest-webmvc:jar:2.5.6.RELEASE:compile
[INFO] |     \- org.springframework.data:spring-data-rest-core:jar:2.5.6.RELEASE:compile
[INFO] |        +- org.springframework.hateoas:spring-hateoas:jar:0.20.0.RELEASE:compile
[INFO] |        +- org.springframework.plugin:spring-plugin-core:jar:1.2.0.RELEASE:compile
[INFO] |        \- org.atteo:evo-inflector:jar:1.2.1:compile

[INFO] +- org.springframework.data:spring-data-jpa:jar:1.10.5.RELEASE:compile
[INFO] |  +- org.springframework:spring-orm:jar:4.3.5.RELEASE:compile
[INFO] |  +- org.springframework:spring-context:jar:4.3.5.RELEASE:compile
[INFO] |  |  \- org.springframework:spring-expression:jar:4.3.5.RELEASE:compile
[INFO] |  +- org.springframework:spring-tx:jar:4.3.5.RELEASE:compile
[INFO] |  +- org.springframework:spring-beans:jar:4.3.5.RELEASE:compile
[INFO] |  +- org.springframework:spring-core:jar:4.3.5.RELEASE:compile
[INFO] |  \- org.slf4j:jcl-over-slf4j:jar:1.7.22:compile

[INFO] +- org.springframework.data:spring-data-rest-hal-browser:jar:2.5.6.RELEASE:runtime

[INFO] +- org.springframework.boot:spring-boot-starter-undertow:jar:1.4.3.RELEASE:compile
[INFO] |  +- io.undertow:undertow-core:jar:1.3.25.Final:compile
[INFO] |  |  +- org.jboss.xnio:xnio-api:jar:3.3.6.Final:compile
[INFO] |  |  \- org.jboss.xnio:xnio-nio:jar:3.3.6.Final:runtime
[INFO] |  +- io.undertow:undertow-servlet:jar:1.3.25.Final:compile
[INFO] |  |  \- org.jboss.spec.javax.annotation:jboss-annotations-api_1.2_spec:jar:1.0.0.Final:compile
[INFO] |  +- io.undertow:undertow-websockets-jsr:jar:1.3.25.Final:compile
[INFO] |  |  \- org.jboss.spec.javax.websocket:jboss-websocket-api_1.1_spec:jar:1.1.0.Final:compile
[INFO] |  +- javax.servlet:javax.servlet-api:jar:3.1.0:compile
[INFO] |  \- org.glassfish:javax.el:jar:3.0.0:compile

[INFO] +- org.springframework.boot:spring-boot-starter-actuator:jar:1.4.3.RELEASE:compile
[INFO] |  \- org.springframework.boot:spring-boot-actuator:jar:1.4.3.RELEASE:compile

[INFO] +- org.springframework.boot:spring-boot-starter-web:jar:1.4.3.RELEASE:compile
[INFO] |  +- org.hibernate:hibernate-validator:jar:5.2.4.Final:compile
[INFO] |  |  +- javax.validation:validation-api:jar:1.1.0.Final:compile
[INFO] |  |  \- com.fasterxml:classmate:jar:1.3.3:compile
[INFO] |  \- org.springframework:spring-webmvc:jar:4.3.5.RELEASE:compile

[INFO] +- org.springframework.retry:spring-retry:jar:1.1.5.RELEASE:compile

[INFO] +- org.springframework.data:spring-data-commons:jar:1.12.6.RELEASE:compile

[INFO] +- io.jsonwebtoken:jjwt:jar:0.7.0:compile

[INFO] +- org.kohsuke:github-api:jar:1.85:compile
[INFO] |  +- commons-lang:commons-lang:jar:2.6:compile
[INFO] |  +- commons-io:commons-io:jar:2.4:compile
[INFO] |  \- com.infradna.tool:bridge-method-annotation:jar:1.14:compile
[INFO] |     \- org.jenkins-ci:annotation-indexer:jar:1.4:compile

[INFO] +- org.hibernate:hibernate-entitymanager:jar:5.0.11.Final:compile
[INFO] |  +- org.jboss.logging:jboss-logging:jar:3.3.0.Final:compile
[INFO] |  +- dom4j:dom4j:jar:1.6.1:compile
[INFO] |  |  \- xml-apis:xml-apis:jar:1.4.01:compile
[INFO] |  +- org.hibernate.common:hibernate-commons-annotations:jar:5.0.1.Final:compile
[INFO] |  +- org.hibernate.javax.persistence:hibernate-jpa-2.1-api:jar:1.0.0.Final:compile
[INFO] |  +- org.javassist:javassist:jar:3.20.0-GA:compile
[INFO] |  \- org.apache.geronimo.specs:geronimo-jta_1.1_spec:jar:1.1.1:compile

[INFO] +- org.hibernate:hibernate-core:jar:5.0.11.Final:compile
[INFO] |  +- antlr:antlr:jar:2.7.7:compile
[INFO] |  \- org.jboss:jandex:jar:2.0.0.Final:compile

[INFO] +- org.hibernate:hibernate-java8:jar:5.0.11.Final:compile

[INFO] +- org.springframework.boot:spring-boot-starter-jdbc:jar:1.4.3.RELEASE:compile
[INFO] |  +- org.apache.tomcat:tomcat-jdbc:jar:8.5.6:compile
[INFO] |  |  \- org.apache.tomcat:tomcat-juli:jar:8.5.6:compile
[INFO] |  \- org.springframework:spring-jdbc:jar:4.3.5.RELEASE:compile

[INFO] +- com.h2database:h2:jar:1.4.193:compile

[INFO] +- mysql:mysql-connector-java:jar:6.0.6:compile

[INFO] +- org.postgresql:postgresql:jar:9.4-1206-jdbc42:compile

[INFO] +- commons-codec:commons-codec:jar:1.10:compile

[INFO] +- org.bouncycastle:bcprov-jdk15on:jar:1.54:compile

[INFO] +- org.bouncycastle:bcpkix-jdk15on:jar:1.54:compile

[INFO] +- com.fasterxml.jackson.core:jackson-core:jar:2.7.1:compile

[INFO] +- com.fasterxml.jackson.core:jackson-annotations:jar:2.6.0:compile

[INFO] +- com.fasterxml.jackson.core:jackson-databind:jar:2.6.0:compile

[INFO] +- com.fasterxml.jackson.datatype:jackson-datatype-jsr310:jar:2.6.0:compile

[INFO] +- org.slf4j:slf4j-api:jar:1.7.12:compile

[INFO] +- org.projectlombok:lombok:jar:1.16.6:compile

[INFO] +- org.springframework.boot:spring-boot-starter-test:jar:1.4.3.RELEASE:test
[INFO] |  +- org.springframework.boot:spring-boot-test:jar:1.4.3.RELEASE:test
[INFO] |  +- org.springframework.boot:spring-boot-test-autoconfigure:jar:1.4.3.RELEASE:test
[INFO] |  +- org.assertj:assertj-core:jar:2.5.0:test
[INFO] |  +- org.mockito:mockito-core:jar:1.10.19:test
[INFO] |  +- org.hamcrest:hamcrest-core:jar:1.3:compile
[INFO] |  +- org.hamcrest:hamcrest-library:jar:1.3:compile
[INFO] |  +- org.skyscreamer:jsonassert:jar:1.3.0:test
[INFO] |  |  \- org.json:json:jar:20140107:test
[INFO] |  \- org.springframework:spring-test:jar:4.3.5.RELEASE:test

[INFO] +- net.minidev:json-smart:jar:2.1.0:test
[INFO] |  \- net.minidev:asm:jar:1.0.2:test
[INFO] |     \- asm:asm:jar:3.3.1:test

[INFO] +- com.jayway.restassured:rest-assured:jar:2.9.0:compile
[INFO] |  +- org.codehaus.groovy:groovy:jar:2.4.7:compile
[INFO] |  +- org.codehaus.groovy:groovy-xml:jar:2.4.7:compile
[INFO] |  +- org.apache.httpcomponents:httpclient:jar:4.5.2:compile
[INFO] |  |  \- org.apache.httpcomponents:httpcore:jar:4.4.5:compile
[INFO] |  +- org.apache.httpcomponents:httpmime:jar:4.5.2:compile
[INFO] |  +- org.ccil.cowan.tagsoup:tagsoup:jar:1.2.1:compile
[INFO] |  +- com.jayway.restassured:json-path:jar:2.9.0:compile
[INFO] |  |  +- org.codehaus.groovy:groovy-json:jar:2.4.7:compile
[INFO] |  |  \- com.jayway.restassured:rest-assured-common:jar:2.9.0:compile
[INFO] |  \- com.jayway.restassured:xml-path:jar:2.9.0:compile

[INFO] +- org.mockito:mockito-all:jar:1.10.19:test

[INFO] +- org.hamcrest:hamcrest-all:jar:1.3:test

[INFO] +- junit:junit:jar:4.12:test

[INFO] +- org.springframework.restdocs:spring-restdocs-mockmvc:jar:1.1.2.RELEASE:test
[INFO] |  \- org.springframework.restdocs:spring-restdocs-core:jar:1.1.2.RELEASE:test

[INFO] +- com.jayway.jsonpath:json-path:jar:2.2.0:test
[INFO] \- org.jetbrains:annotations:jar:15.0:compile
